<?xml version="1.0" encoding="UTF-8"?>
<testsuite name="com.ilcarro.qa.tests.CreateAccountTests" tests="8" skipped="0" failures="8" errors="0" timestamp="2020-11-05T11:01:31" hostname="DANIEL-PC" time="104.27">
  <properties/>
  <testcase name="testSignUp" classname="com.ilcarro.qa.tests.CreateAccountTests" time="7.988">
    <failure message="java.lang.AssertionError: expected [true] but found [false]" type="java.lang.AssertionError">java.lang.AssertionError: expected [true] but found [false]
	at org.testng.Assert.fail(Assert.java:97)
	at org.testng.Assert.failNotEquals(Assert.java:969)
	at org.testng.Assert.assertTrue(Assert.java:43)
	at org.testng.Assert.assertTrue(Assert.java:53)
	at com.ilcarro.qa.tests.CreateAccountTests.testSignUp(CreateAccountTests.java:42)
	at sun.reflect.NativeMethodAccessorImpl.invoke0(Native Method)
	at sun.reflect.NativeMethodAccessorImpl.invoke(NativeMethodAccessorImpl.java:62)
	at sun.reflect.DelegatingMethodAccessorImpl.invoke(DelegatingMethodAccessorImpl.java:43)
	at java.lang.reflect.Method.invoke(Method.java:498)
	at org.testng.internal.MethodInvocationHelper.invokeMethod(MethodInvocationHelper.java:134)
	at org.testng.internal.TestInvoker.invokeMethod(TestInvoker.java:597)
	at org.testng.internal.TestInvoker.invokeTestMethod(TestInvoker.java:173)
	at org.testng.internal.MethodRunner.runInSequence(MethodRunner.java:46)
	at org.testng.internal.TestInvoker$MethodInvocationAgent.invoke(TestInvoker.java:816)
	at org.testng.internal.TestInvoker.invokeTestMethods(TestInvoker.java:146)
	at org.testng.internal.TestMethodWorker.invokeTestMethods(TestMethodWorker.java:146)
	at org.testng.internal.TestMethodWorker.run(TestMethodWorker.java:128)
	at java.util.ArrayList.forEach(ArrayList.java:1259)
	at org.testng.TestRunner.privateRun(TestRunner.java:766)
	at org.testng.TestRunner.run(TestRunner.java:587)
	at org.testng.SuiteRunner.runTest(SuiteRunner.java:384)
	at org.testng.SuiteRunner.runSequentially(SuiteRunner.java:378)
	at org.testng.SuiteRunner.privateRun(SuiteRunner.java:337)
	at org.testng.SuiteRunner.run(SuiteRunner.java:286)
	at org.testng.SuiteRunnerWorker.runSuite(SuiteRunnerWorker.java:53)
	at org.testng.SuiteRunnerWorker.run(SuiteRunnerWorker.java:96)
	at org.testng.TestNG.runSuitesSequentially(TestNG.java:1187)
	at org.testng.TestNG.runSuitesLocally(TestNG.java:1109)
	at org.testng.TestNG.runSuites(TestNG.java:1039)
	at org.testng.TestNG.run(TestNG.java:1007)
	at org.gradle.api.internal.tasks.testing.testng.TestNGTestClassProcessor.runTests(TestNGTestClassProcessor.java:141)
	at org.gradle.api.internal.tasks.testing.testng.TestNGTestClassProcessor.stop(TestNGTestClassProcessor.java:90)
	at org.gradle.api.internal.tasks.testing.SuiteTestClassProcessor.stop(SuiteTestClassProcessor.java:61)
	at sun.reflect.NativeMethodAccessorImpl.invoke0(Native Method)
	at sun.reflect.NativeMethodAccessorImpl.invoke(NativeMethodAccessorImpl.java:62)
	at sun.reflect.DelegatingMethodAccessorImpl.invoke(DelegatingMethodAccessorImpl.java:43)
	at java.lang.reflect.Method.invoke(Method.java:498)
	at org.gradle.internal.dispatch.ReflectionDispatch.dispatch(ReflectionDispatch.java:36)
	at org.gradle.internal.dispatch.ReflectionDispatch.dispatch(ReflectionDispatch.java:24)
	at org.gradle.internal.dispatch.ContextClassLoaderDispatch.dispatch(ContextClassLoaderDispatch.java:33)
	at org.gradle.internal.dispatch.ProxyDispatchAdapter$DispatchingInvocationHandler.invoke(ProxyDispatchAdapter.java:94)
	at com.sun.proxy.$Proxy2.stop(Unknown Source)
	at org.gradle.api.internal.tasks.testing.worker.TestWorker.stop(TestWorker.java:132)
	at sun.reflect.NativeMethodAccessorImpl.invoke0(Native Method)
	at sun.reflect.NativeMethodAccessorImpl.invoke(NativeMethodAccessorImpl.java:62)
	at sun.reflect.DelegatingMethodAccessorImpl.invoke(DelegatingMethodAccessorImpl.java:43)
	at java.lang.reflect.Method.invoke(Method.java:498)
	at org.gradle.internal.dispatch.ReflectionDispatch.dispatch(ReflectionDispatch.java:36)
	at org.gradle.internal.dispatch.ReflectionDispatch.dispatch(ReflectionDispatch.java:24)
	at org.gradle.internal.remote.internal.hub.MessageHubBackedObjectConnection$DispatchWrapper.dispatch(MessageHubBackedObjectConnection.java:182)
	at org.gradle.internal.remote.internal.hub.MessageHubBackedObjectConnection$DispatchWrapper.dispatch(MessageHubBackedObjectConnection.java:164)
	at org.gradle.internal.remote.internal.hub.MessageHub$Handler.run(MessageHub.java:412)
	at org.gradle.internal.concurrent.ExecutorPolicy$CatchAndRecordFailures.onExecute(ExecutorPolicy.java:64)
	at org.gradle.internal.concurrent.ManagedExecutorImpl$1.run(ManagedExecutorImpl.java:48)
	at java.util.concurrent.ThreadPoolExecutor.runWorker(ThreadPoolExecutor.java:1149)
	at java.util.concurrent.ThreadPoolExecutor$Worker.run(ThreadPoolExecutor.java:624)
	at org.gradle.internal.concurrent.ThreadFactoryImpl$ManagedThreadRunnable.run(ThreadFactoryImpl.java:56)
	at java.lang.Thread.run(Thread.java:748)
</failure>
  </testcase>
  <testcase name="testSignUpFromCSVDataProvider[0](User{fName='tt', lName='tt', email='tt+7@gmail.com', password='Aa1234567'})" classname="com.ilcarro.qa.tests.CreateAccountTests" time="12.971">
    <failure message="java.lang.AssertionError: expected [true] but found [false]" type="java.lang.AssertionError">java.lang.AssertionError: expected [true] but found [false]
	at org.testng.Assert.fail(Assert.java:97)
	at org.testng.Assert.failNotEquals(Assert.java:969)
	at org.testng.Assert.assertTrue(Assert.java:43)
	at org.testng.Assert.assertTrue(Assert.java:53)
	at com.ilcarro.qa.tests.CreateAccountTests.testSignUpFromCSVDataProvider(CreateAccountTests.java:80)
	at sun.reflect.NativeMethodAccessorImpl.invoke0(Native Method)
	at sun.reflect.NativeMethodAccessorImpl.invoke(NativeMethodAccessorImpl.java:62)
	at sun.reflect.DelegatingMethodAccessorImpl.invoke(DelegatingMethodAccessorImpl.java:43)
	at java.lang.reflect.Method.invoke(Method.java:498)
	at org.testng.internal.MethodInvocationHelper.invokeMethod(MethodInvocationHelper.java:134)
	at org.testng.internal.TestInvoker.invokeMethod(TestInvoker.java:597)
	at org.testng.internal.TestInvoker.invokeTestMethod(TestInvoker.java:173)
	at org.testng.internal.MethodRunner.runInSequence(MethodRunner.java:46)
	at org.testng.internal.TestInvoker$MethodInvocationAgent.invoke(TestInvoker.java:816)
	at org.testng.internal.TestInvoker.invokeTestMethods(TestInvoker.java:146)
	at org.testng.internal.TestMethodWorker.invokeTestMethods(TestMethodWorker.java:146)
	at org.testng.internal.TestMethodWorker.run(TestMethodWorker.java:128)
	at java.util.ArrayList.forEach(ArrayList.java:1259)
	at org.testng.TestRunner.privateRun(TestRunner.java:766)
	at org.testng.TestRunner.run(TestRunner.java:587)
	at org.testng.SuiteRunner.runTest(SuiteRunner.java:384)
	at org.testng.SuiteRunner.runSequentially(SuiteRunner.java:378)
	at org.testng.SuiteRunner.privateRun(SuiteRunner.java:337)
	at org.testng.SuiteRunner.run(SuiteRunner.java:286)
	at org.testng.SuiteRunnerWorker.runSuite(SuiteRunnerWorker.java:53)
	at org.testng.SuiteRunnerWorker.run(SuiteRunnerWorker.java:96)
	at org.testng.TestNG.runSuitesSequentially(TestNG.java:1187)
	at org.testng.TestNG.runSuitesLocally(TestNG.java:1109)
	at org.testng.TestNG.runSuites(TestNG.java:1039)
	at org.testng.TestNG.run(TestNG.java:1007)
	at org.gradle.api.internal.tasks.testing.testng.TestNGTestClassProcessor.runTests(TestNGTestClassProcessor.java:141)
	at org.gradle.api.internal.tasks.testing.testng.TestNGTestClassProcessor.stop(TestNGTestClassProcessor.java:90)
	at org.gradle.api.internal.tasks.testing.SuiteTestClassProcessor.stop(SuiteTestClassProcessor.java:61)
	at sun.reflect.NativeMethodAccessorImpl.invoke0(Native Method)
	at sun.reflect.NativeMethodAccessorImpl.invoke(NativeMethodAccessorImpl.java:62)
	at sun.reflect.DelegatingMethodAccessorImpl.invoke(DelegatingMethodAccessorImpl.java:43)
	at java.lang.reflect.Method.invoke(Method.java:498)
	at org.gradle.internal.dispatch.ReflectionDispatch.dispatch(ReflectionDispatch.java:36)
	at org.gradle.internal.dispatch.ReflectionDispatch.dispatch(ReflectionDispatch.java:24)
	at org.gradle.internal.dispatch.ContextClassLoaderDispatch.dispatch(ContextClassLoaderDispatch.java:33)
	at org.gradle.internal.dispatch.ProxyDispatchAdapter$DispatchingInvocationHandler.invoke(ProxyDispatchAdapter.java:94)
	at com.sun.proxy.$Proxy2.stop(Unknown Source)
	at org.gradle.api.internal.tasks.testing.worker.TestWorker.stop(TestWorker.java:132)
	at sun.reflect.NativeMethodAccessorImpl.invoke0(Native Method)
	at sun.reflect.NativeMethodAccessorImpl.invoke(NativeMethodAccessorImpl.java:62)
	at sun.reflect.DelegatingMethodAccessorImpl.invoke(DelegatingMethodAccessorImpl.java:43)
	at java.lang.reflect.Method.invoke(Method.java:498)
	at org.gradle.internal.dispatch.ReflectionDispatch.dispatch(ReflectionDispatch.java:36)
	at org.gradle.internal.dispatch.ReflectionDispatch.dispatch(ReflectionDispatch.java:24)
	at org.gradle.internal.remote.internal.hub.MessageHubBackedObjectConnection$DispatchWrapper.dispatch(MessageHubBackedObjectConnection.java:182)
	at org.gradle.internal.remote.internal.hub.MessageHubBackedObjectConnection$DispatchWrapper.dispatch(MessageHubBackedObjectConnection.java:164)
	at org.gradle.internal.remote.internal.hub.MessageHub$Handler.run(MessageHub.java:412)
	at org.gradle.internal.concurrent.ExecutorPolicy$CatchAndRecordFailures.onExecute(ExecutorPolicy.java:64)
	at org.gradle.internal.concurrent.ManagedExecutorImpl$1.run(ManagedExecutorImpl.java:48)
	at java.util.concurrent.ThreadPoolExecutor.runWorker(ThreadPoolExecutor.java:1149)
	at java.util.concurrent.ThreadPoolExecutor$Worker.run(ThreadPoolExecutor.java:624)
	at org.gradle.internal.concurrent.ThreadFactoryImpl$ManagedThreadRunnable.run(ThreadFactoryImpl.java:56)
	at java.lang.Thread.run(Thread.java:748)
</failure>
  </testcase>
  <testcase name="testSignUpFromCSVDataProvider[1](User{fName='rr', lName='tt', email='tt+8@gmail.com', password='Aa1234567'})" classname="com.ilcarro.qa.tests.CreateAccountTests" time="13.061">
    <failure message="java.lang.AssertionError: expected [true] but found [false]" type="java.lang.AssertionError">java.lang.AssertionError: expected [true] but found [false]
	at org.testng.Assert.fail(Assert.java:97)
	at org.testng.Assert.failNotEquals(Assert.java:969)
	at org.testng.Assert.assertTrue(Assert.java:43)
	at org.testng.Assert.assertTrue(Assert.java:53)
	at com.ilcarro.qa.tests.CreateAccountTests.testSignUpFromCSVDataProvider(CreateAccountTests.java:80)
	at sun.reflect.NativeMethodAccessorImpl.invoke0(Native Method)
	at sun.reflect.NativeMethodAccessorImpl.invoke(NativeMethodAccessorImpl.java:62)
	at sun.reflect.DelegatingMethodAccessorImpl.invoke(DelegatingMethodAccessorImpl.java:43)
	at java.lang.reflect.Method.invoke(Method.java:498)
	at org.testng.internal.MethodInvocationHelper.invokeMethod(MethodInvocationHelper.java:134)
	at org.testng.internal.TestInvoker.invokeMethod(TestInvoker.java:597)
	at org.testng.internal.TestInvoker.invokeTestMethod(TestInvoker.java:173)
	at org.testng.internal.MethodRunner.runInSequence(MethodRunner.java:46)
	at org.testng.internal.TestInvoker$MethodInvocationAgent.invoke(TestInvoker.java:816)
	at org.testng.internal.TestInvoker.invokeTestMethods(TestInvoker.java:146)
	at org.testng.internal.TestMethodWorker.invokeTestMethods(TestMethodWorker.java:146)
	at org.testng.internal.TestMethodWorker.run(TestMethodWorker.java:128)
	at java.util.ArrayList.forEach(ArrayList.java:1259)
	at org.testng.TestRunner.privateRun(TestRunner.java:766)
	at org.testng.TestRunner.run(TestRunner.java:587)
	at org.testng.SuiteRunner.runTest(SuiteRunner.java:384)
	at org.testng.SuiteRunner.runSequentially(SuiteRunner.java:378)
	at org.testng.SuiteRunner.privateRun(SuiteRunner.java:337)
	at org.testng.SuiteRunner.run(SuiteRunner.java:286)
	at org.testng.SuiteRunnerWorker.runSuite(SuiteRunnerWorker.java:53)
	at org.testng.SuiteRunnerWorker.run(SuiteRunnerWorker.java:96)
	at org.testng.TestNG.runSuitesSequentially(TestNG.java:1187)
	at org.testng.TestNG.runSuitesLocally(TestNG.java:1109)
	at org.testng.TestNG.runSuites(TestNG.java:1039)
	at org.testng.TestNG.run(TestNG.java:1007)
	at org.gradle.api.internal.tasks.testing.testng.TestNGTestClassProcessor.runTests(TestNGTestClassProcessor.java:141)
	at org.gradle.api.internal.tasks.testing.testng.TestNGTestClassProcessor.stop(TestNGTestClassProcessor.java:90)
	at org.gradle.api.internal.tasks.testing.SuiteTestClassProcessor.stop(SuiteTestClassProcessor.java:61)
	at sun.reflect.NativeMethodAccessorImpl.invoke0(Native Method)
	at sun.reflect.NativeMethodAccessorImpl.invoke(NativeMethodAccessorImpl.java:62)
	at sun.reflect.DelegatingMethodAccessorImpl.invoke(DelegatingMethodAccessorImpl.java:43)
	at java.lang.reflect.Method.invoke(Method.java:498)
	at org.gradle.internal.dispatch.ReflectionDispatch.dispatch(ReflectionDispatch.java:36)
	at org.gradle.internal.dispatch.ReflectionDispatch.dispatch(ReflectionDispatch.java:24)
	at org.gradle.internal.dispatch.ContextClassLoaderDispatch.dispatch(ContextClassLoaderDispatch.java:33)
	at org.gradle.internal.dispatch.ProxyDispatchAdapter$DispatchingInvocationHandler.invoke(ProxyDispatchAdapter.java:94)
	at com.sun.proxy.$Proxy2.stop(Unknown Source)
	at org.gradle.api.internal.tasks.testing.worker.TestWorker.stop(TestWorker.java:132)
	at sun.reflect.NativeMethodAccessorImpl.invoke0(Native Method)
	at sun.reflect.NativeMethodAccessorImpl.invoke(NativeMethodAccessorImpl.java:62)
	at sun.reflect.DelegatingMethodAccessorImpl.invoke(DelegatingMethodAccessorImpl.java:43)
	at java.lang.reflect.Method.invoke(Method.java:498)
	at org.gradle.internal.dispatch.ReflectionDispatch.dispatch(ReflectionDispatch.java:36)
	at org.gradle.internal.dispatch.ReflectionDispatch.dispatch(ReflectionDispatch.java:24)
	at org.gradle.internal.remote.internal.hub.MessageHubBackedObjectConnection$DispatchWrapper.dispatch(MessageHubBackedObjectConnection.java:182)
	at org.gradle.internal.remote.internal.hub.MessageHubBackedObjectConnection$DispatchWrapper.dispatch(MessageHubBackedObjectConnection.java:164)
	at org.gradle.internal.remote.internal.hub.MessageHub$Handler.run(MessageHub.java:412)
	at org.gradle.internal.concurrent.ExecutorPolicy$CatchAndRecordFailures.onExecute(ExecutorPolicy.java:64)
	at org.gradle.internal.concurrent.ManagedExecutorImpl$1.run(ManagedExecutorImpl.java:48)
	at java.util.concurrent.ThreadPoolExecutor.runWorker(ThreadPoolExecutor.java:1149)
	at java.util.concurrent.ThreadPoolExecutor$Worker.run(ThreadPoolExecutor.java:624)
	at org.gradle.internal.concurrent.ThreadFactoryImpl$ManagedThreadRunnable.run(ThreadFactoryImpl.java:56)
	at java.lang.Thread.run(Thread.java:748)
</failure>
  </testcase>
  <testcase name="testSignUpFromCSVDataProvider[2](User{fName='yy', lName='tt', email='tt+9@gmail.com', password='Aa1234567'})" classname="com.ilcarro.qa.tests.CreateAccountTests" time="13.041">
    <failure message="java.lang.AssertionError: expected [true] but found [false]" type="java.lang.AssertionError">java.lang.AssertionError: expected [true] but found [false]
	at org.testng.Assert.fail(Assert.java:97)
	at org.testng.Assert.failNotEquals(Assert.java:969)
	at org.testng.Assert.assertTrue(Assert.java:43)
	at org.testng.Assert.assertTrue(Assert.java:53)
	at com.ilcarro.qa.tests.CreateAccountTests.testSignUpFromCSVDataProvider(CreateAccountTests.java:80)
	at sun.reflect.NativeMethodAccessorImpl.invoke0(Native Method)
	at sun.reflect.NativeMethodAccessorImpl.invoke(NativeMethodAccessorImpl.java:62)
	at sun.reflect.DelegatingMethodAccessorImpl.invoke(DelegatingMethodAccessorImpl.java:43)
	at java.lang.reflect.Method.invoke(Method.java:498)
	at org.testng.internal.MethodInvocationHelper.invokeMethod(MethodInvocationHelper.java:134)
	at org.testng.internal.TestInvoker.invokeMethod(TestInvoker.java:597)
	at org.testng.internal.TestInvoker.invokeTestMethod(TestInvoker.java:173)
	at org.testng.internal.MethodRunner.runInSequence(MethodRunner.java:46)
	at org.testng.internal.TestInvoker$MethodInvocationAgent.invoke(TestInvoker.java:816)
	at org.testng.internal.TestInvoker.invokeTestMethods(TestInvoker.java:146)
	at org.testng.internal.TestMethodWorker.invokeTestMethods(TestMethodWorker.java:146)
	at org.testng.internal.TestMethodWorker.run(TestMethodWorker.java:128)
	at java.util.ArrayList.forEach(ArrayList.java:1259)
	at org.testng.TestRunner.privateRun(TestRunner.java:766)
	at org.testng.TestRunner.run(TestRunner.java:587)
	at org.testng.SuiteRunner.runTest(SuiteRunner.java:384)
	at org.testng.SuiteRunner.runSequentially(SuiteRunner.java:378)
	at org.testng.SuiteRunner.privateRun(SuiteRunner.java:337)
	at org.testng.SuiteRunner.run(SuiteRunner.java:286)
	at org.testng.SuiteRunnerWorker.runSuite(SuiteRunnerWorker.java:53)
	at org.testng.SuiteRunnerWorker.run(SuiteRunnerWorker.java:96)
	at org.testng.TestNG.runSuitesSequentially(TestNG.java:1187)
	at org.testng.TestNG.runSuitesLocally(TestNG.java:1109)
	at org.testng.TestNG.runSuites(TestNG.java:1039)
	at org.testng.TestNG.run(TestNG.java:1007)
	at org.gradle.api.internal.tasks.testing.testng.TestNGTestClassProcessor.runTests(TestNGTestClassProcessor.java:141)
	at org.gradle.api.internal.tasks.testing.testng.TestNGTestClassProcessor.stop(TestNGTestClassProcessor.java:90)
	at org.gradle.api.internal.tasks.testing.SuiteTestClassProcessor.stop(SuiteTestClassProcessor.java:61)
	at sun.reflect.NativeMethodAccessorImpl.invoke0(Native Method)
	at sun.reflect.NativeMethodAccessorImpl.invoke(NativeMethodAccessorImpl.java:62)
	at sun.reflect.DelegatingMethodAccessorImpl.invoke(DelegatingMethodAccessorImpl.java:43)
	at java.lang.reflect.Method.invoke(Method.java:498)
	at org.gradle.internal.dispatch.ReflectionDispatch.dispatch(ReflectionDispatch.java:36)
	at org.gradle.internal.dispatch.ReflectionDispatch.dispatch(ReflectionDispatch.java:24)
	at org.gradle.internal.dispatch.ContextClassLoaderDispatch.dispatch(ContextClassLoaderDispatch.java:33)
	at org.gradle.internal.dispatch.ProxyDispatchAdapter$DispatchingInvocationHandler.invoke(ProxyDispatchAdapter.java:94)
	at com.sun.proxy.$Proxy2.stop(Unknown Source)
	at org.gradle.api.internal.tasks.testing.worker.TestWorker.stop(TestWorker.java:132)
	at sun.reflect.NativeMethodAccessorImpl.invoke0(Native Method)
	at sun.reflect.NativeMethodAccessorImpl.invoke(NativeMethodAccessorImpl.java:62)
	at sun.reflect.DelegatingMethodAccessorImpl.invoke(DelegatingMethodAccessorImpl.java:43)
	at java.lang.reflect.Method.invoke(Method.java:498)
	at org.gradle.internal.dispatch.ReflectionDispatch.dispatch(ReflectionDispatch.java:36)
	at org.gradle.internal.dispatch.ReflectionDispatch.dispatch(ReflectionDispatch.java:24)
	at org.gradle.internal.remote.internal.hub.MessageHubBackedObjectConnection$DispatchWrapper.dispatch(MessageHubBackedObjectConnection.java:182)
	at org.gradle.internal.remote.internal.hub.MessageHubBackedObjectConnection$DispatchWrapper.dispatch(MessageHubBackedObjectConnection.java:164)
	at org.gradle.internal.remote.internal.hub.MessageHub$Handler.run(MessageHub.java:412)
	at org.gradle.internal.concurrent.ExecutorPolicy$CatchAndRecordFailures.onExecute(ExecutorPolicy.java:64)
	at org.gradle.internal.concurrent.ManagedExecutorImpl$1.run(ManagedExecutorImpl.java:48)
	at java.util.concurrent.ThreadPoolExecutor.runWorker(ThreadPoolExecutor.java:1149)
	at java.util.concurrent.ThreadPoolExecutor$Worker.run(ThreadPoolExecutor.java:624)
	at org.gradle.internal.concurrent.ThreadFactoryImpl$ManagedThreadRunnable.run(ThreadFactoryImpl.java:56)
	at java.lang.Thread.run(Thread.java:748)
</failure>
  </testcase>
  <testcase name="testSignUpFromCSVDataProvider[3](User{fName='uu', lName='tt', email='tt+10@gmail.com', password='Aa1234567'})" classname="com.ilcarro.qa.tests.CreateAccountTests" time="12.988">
    <failure message="java.lang.AssertionError: expected [true] but found [false]" type="java.lang.AssertionError">java.lang.AssertionError: expected [true] but found [false]
	at org.testng.Assert.fail(Assert.java:97)
	at org.testng.Assert.failNotEquals(Assert.java:969)
	at org.testng.Assert.assertTrue(Assert.java:43)
	at org.testng.Assert.assertTrue(Assert.java:53)
	at com.ilcarro.qa.tests.CreateAccountTests.testSignUpFromCSVDataProvider(CreateAccountTests.java:80)
	at sun.reflect.NativeMethodAccessorImpl.invoke0(Native Method)
	at sun.reflect.NativeMethodAccessorImpl.invoke(NativeMethodAccessorImpl.java:62)
	at sun.reflect.DelegatingMethodAccessorImpl.invoke(DelegatingMethodAccessorImpl.java:43)
	at java.lang.reflect.Method.invoke(Method.java:498)
	at org.testng.internal.MethodInvocationHelper.invokeMethod(MethodInvocationHelper.java:134)
	at org.testng.internal.TestInvoker.invokeMethod(TestInvoker.java:597)
	at org.testng.internal.TestInvoker.invokeTestMethod(TestInvoker.java:173)
	at org.testng.internal.MethodRunner.runInSequence(MethodRunner.java:46)
	at org.testng.internal.TestInvoker$MethodInvocationAgent.invoke(TestInvoker.java:816)
	at org.testng.internal.TestInvoker.invokeTestMethods(TestInvoker.java:146)
	at org.testng.internal.TestMethodWorker.invokeTestMethods(TestMethodWorker.java:146)
	at org.testng.internal.TestMethodWorker.run(TestMethodWorker.java:128)
	at java.util.ArrayList.forEach(ArrayList.java:1259)
	at org.testng.TestRunner.privateRun(TestRunner.java:766)
	at org.testng.TestRunner.run(TestRunner.java:587)
	at org.testng.SuiteRunner.runTest(SuiteRunner.java:384)
	at org.testng.SuiteRunner.runSequentially(SuiteRunner.java:378)
	at org.testng.SuiteRunner.privateRun(SuiteRunner.java:337)
	at org.testng.SuiteRunner.run(SuiteRunner.java:286)
	at org.testng.SuiteRunnerWorker.runSuite(SuiteRunnerWorker.java:53)
	at org.testng.SuiteRunnerWorker.run(SuiteRunnerWorker.java:96)
	at org.testng.TestNG.runSuitesSequentially(TestNG.java:1187)
	at org.testng.TestNG.runSuitesLocally(TestNG.java:1109)
	at org.testng.TestNG.runSuites(TestNG.java:1039)
	at org.testng.TestNG.run(TestNG.java:1007)
	at org.gradle.api.internal.tasks.testing.testng.TestNGTestClassProcessor.runTests(TestNGTestClassProcessor.java:141)
	at org.gradle.api.internal.tasks.testing.testng.TestNGTestClassProcessor.stop(TestNGTestClassProcessor.java:90)
	at org.gradle.api.internal.tasks.testing.SuiteTestClassProcessor.stop(SuiteTestClassProcessor.java:61)
	at sun.reflect.NativeMethodAccessorImpl.invoke0(Native Method)
	at sun.reflect.NativeMethodAccessorImpl.invoke(NativeMethodAccessorImpl.java:62)
	at sun.reflect.DelegatingMethodAccessorImpl.invoke(DelegatingMethodAccessorImpl.java:43)
	at java.lang.reflect.Method.invoke(Method.java:498)
	at org.gradle.internal.dispatch.ReflectionDispatch.dispatch(ReflectionDispatch.java:36)
	at org.gradle.internal.dispatch.ReflectionDispatch.dispatch(ReflectionDispatch.java:24)
	at org.gradle.internal.dispatch.ContextClassLoaderDispatch.dispatch(ContextClassLoaderDispatch.java:33)
	at org.gradle.internal.dispatch.ProxyDispatchAdapter$DispatchingInvocationHandler.invoke(ProxyDispatchAdapter.java:94)
	at com.sun.proxy.$Proxy2.stop(Unknown Source)
	at org.gradle.api.internal.tasks.testing.worker.TestWorker.stop(TestWorker.java:132)
	at sun.reflect.NativeMethodAccessorImpl.invoke0(Native Method)
	at sun.reflect.NativeMethodAccessorImpl.invoke(NativeMethodAccessorImpl.java:62)
	at sun.reflect.DelegatingMethodAccessorImpl.invoke(DelegatingMethodAccessorImpl.java:43)
	at java.lang.reflect.Method.invoke(Method.java:498)
	at org.gradle.internal.dispatch.ReflectionDispatch.dispatch(ReflectionDispatch.java:36)
	at org.gradle.internal.dispatch.ReflectionDispatch.dispatch(ReflectionDispatch.java:24)
	at org.gradle.internal.remote.internal.hub.MessageHubBackedObjectConnection$DispatchWrapper.dispatch(MessageHubBackedObjectConnection.java:182)
	at org.gradle.internal.remote.internal.hub.MessageHubBackedObjectConnection$DispatchWrapper.dispatch(MessageHubBackedObjectConnection.java:164)
	at org.gradle.internal.remote.internal.hub.MessageHub$Handler.run(MessageHub.java:412)
	at org.gradle.internal.concurrent.ExecutorPolicy$CatchAndRecordFailures.onExecute(ExecutorPolicy.java:64)
	at org.gradle.internal.concurrent.ManagedExecutorImpl$1.run(ManagedExecutorImpl.java:48)
	at java.util.concurrent.ThreadPoolExecutor.runWorker(ThreadPoolExecutor.java:1149)
	at java.util.concurrent.ThreadPoolExecutor$Worker.run(ThreadPoolExecutor.java:624)
	at org.gradle.internal.concurrent.ThreadFactoryImpl$ManagedThreadRunnable.run(ThreadFactoryImpl.java:56)
	at java.lang.Thread.run(Thread.java:748)
</failure>
  </testcase>
  <testcase name="testSignUpFromDataProvider[0](qq, ww, ww+2@gmail.com, Aa1234567)" classname="com.ilcarro.qa.tests.CreateAccountTests" time="12.99">
    <failure message="java.lang.AssertionError: expected [true] but found [false]" type="java.lang.AssertionError">java.lang.AssertionError: expected [true] but found [false]
	at org.testng.Assert.fail(Assert.java:97)
	at org.testng.Assert.failNotEquals(Assert.java:969)
	at org.testng.Assert.assertTrue(Assert.java:43)
	at org.testng.Assert.assertTrue(Assert.java:53)
	at com.ilcarro.qa.tests.CreateAccountTests.testSignUpFromDataProvider(CreateAccountTests.java:62)
	at sun.reflect.NativeMethodAccessorImpl.invoke0(Native Method)
	at sun.reflect.NativeMethodAccessorImpl.invoke(NativeMethodAccessorImpl.java:62)
	at sun.reflect.DelegatingMethodAccessorImpl.invoke(DelegatingMethodAccessorImpl.java:43)
	at java.lang.reflect.Method.invoke(Method.java:498)
	at org.testng.internal.MethodInvocationHelper.invokeMethod(MethodInvocationHelper.java:134)
	at org.testng.internal.TestInvoker.invokeMethod(TestInvoker.java:597)
	at org.testng.internal.TestInvoker.invokeTestMethod(TestInvoker.java:173)
	at org.testng.internal.MethodRunner.runInSequence(MethodRunner.java:46)
	at org.testng.internal.TestInvoker$MethodInvocationAgent.invoke(TestInvoker.java:816)
	at org.testng.internal.TestInvoker.invokeTestMethods(TestInvoker.java:146)
	at org.testng.internal.TestMethodWorker.invokeTestMethods(TestMethodWorker.java:146)
	at org.testng.internal.TestMethodWorker.run(TestMethodWorker.java:128)
	at java.util.ArrayList.forEach(ArrayList.java:1259)
	at org.testng.TestRunner.privateRun(TestRunner.java:766)
	at org.testng.TestRunner.run(TestRunner.java:587)
	at org.testng.SuiteRunner.runTest(SuiteRunner.java:384)
	at org.testng.SuiteRunner.runSequentially(SuiteRunner.java:378)
	at org.testng.SuiteRunner.privateRun(SuiteRunner.java:337)
	at org.testng.SuiteRunner.run(SuiteRunner.java:286)
	at org.testng.SuiteRunnerWorker.runSuite(SuiteRunnerWorker.java:53)
	at org.testng.SuiteRunnerWorker.run(SuiteRunnerWorker.java:96)
	at org.testng.TestNG.runSuitesSequentially(TestNG.java:1187)
	at org.testng.TestNG.runSuitesLocally(TestNG.java:1109)
	at org.testng.TestNG.runSuites(TestNG.java:1039)
	at org.testng.TestNG.run(TestNG.java:1007)
	at org.gradle.api.internal.tasks.testing.testng.TestNGTestClassProcessor.runTests(TestNGTestClassProcessor.java:141)
	at org.gradle.api.internal.tasks.testing.testng.TestNGTestClassProcessor.stop(TestNGTestClassProcessor.java:90)
	at org.gradle.api.internal.tasks.testing.SuiteTestClassProcessor.stop(SuiteTestClassProcessor.java:61)
	at sun.reflect.NativeMethodAccessorImpl.invoke0(Native Method)
	at sun.reflect.NativeMethodAccessorImpl.invoke(NativeMethodAccessorImpl.java:62)
	at sun.reflect.DelegatingMethodAccessorImpl.invoke(DelegatingMethodAccessorImpl.java:43)
	at java.lang.reflect.Method.invoke(Method.java:498)
	at org.gradle.internal.dispatch.ReflectionDispatch.dispatch(ReflectionDispatch.java:36)
	at org.gradle.internal.dispatch.ReflectionDispatch.dispatch(ReflectionDispatch.java:24)
	at org.gradle.internal.dispatch.ContextClassLoaderDispatch.dispatch(ContextClassLoaderDispatch.java:33)
	at org.gradle.internal.dispatch.ProxyDispatchAdapter$DispatchingInvocationHandler.invoke(ProxyDispatchAdapter.java:94)
	at com.sun.proxy.$Proxy2.stop(Unknown Source)
	at org.gradle.api.internal.tasks.testing.worker.TestWorker.stop(TestWorker.java:132)
	at sun.reflect.NativeMethodAccessorImpl.invoke0(Native Method)
	at sun.reflect.NativeMethodAccessorImpl.invoke(NativeMethodAccessorImpl.java:62)
	at sun.reflect.DelegatingMethodAccessorImpl.invoke(DelegatingMethodAccessorImpl.java:43)
	at java.lang.reflect.Method.invoke(Method.java:498)
	at org.gradle.internal.dispatch.ReflectionDispatch.dispatch(ReflectionDispatch.java:36)
	at org.gradle.internal.dispatch.ReflectionDispatch.dispatch(ReflectionDispatch.java:24)
	at org.gradle.internal.remote.internal.hub.MessageHubBackedObjectConnection$DispatchWrapper.dispatch(MessageHubBackedObjectConnection.java:182)
	at org.gradle.internal.remote.internal.hub.MessageHubBackedObjectConnection$DispatchWrapper.dispatch(MessageHubBackedObjectConnection.java:164)
	at org.gradle.internal.remote.internal.hub.MessageHub$Handler.run(MessageHub.java:412)
	at org.gradle.internal.concurrent.ExecutorPolicy$CatchAndRecordFailures.onExecute(ExecutorPolicy.java:64)
	at org.gradle.internal.concurrent.ManagedExecutorImpl$1.run(ManagedExecutorImpl.java:48)
	at java.util.concurrent.ThreadPoolExecutor.runWorker(ThreadPoolExecutor.java:1149)
	at java.util.concurrent.ThreadPoolExecutor$Worker.run(ThreadPoolExecutor.java:624)
	at org.gradle.internal.concurrent.ThreadFactoryImpl$ManagedThreadRunnable.run(ThreadFactoryImpl.java:56)
	at java.lang.Thread.run(Thread.java:748)
</failure>
  </testcase>
  <testcase name="testSignUpFromDataProvider[1](ee, rr, rr+2@gmail.com, Aa1234567)" classname="com.ilcarro.qa.tests.CreateAccountTests" time="12.912">
    <failure message="java.lang.AssertionError: expected [true] but found [false]" type="java.lang.AssertionError">java.lang.AssertionError: expected [true] but found [false]
	at org.testng.Assert.fail(Assert.java:97)
	at org.testng.Assert.failNotEquals(Assert.java:969)
	at org.testng.Assert.assertTrue(Assert.java:43)
	at org.testng.Assert.assertTrue(Assert.java:53)
	at com.ilcarro.qa.tests.CreateAccountTests.testSignUpFromDataProvider(CreateAccountTests.java:62)
	at sun.reflect.NativeMethodAccessorImpl.invoke0(Native Method)
	at sun.reflect.NativeMethodAccessorImpl.invoke(NativeMethodAccessorImpl.java:62)
	at sun.reflect.DelegatingMethodAccessorImpl.invoke(DelegatingMethodAccessorImpl.java:43)
	at java.lang.reflect.Method.invoke(Method.java:498)
	at org.testng.internal.MethodInvocationHelper.invokeMethod(MethodInvocationHelper.java:134)
	at org.testng.internal.TestInvoker.invokeMethod(TestInvoker.java:597)
	at org.testng.internal.TestInvoker.invokeTestMethod(TestInvoker.java:173)
	at org.testng.internal.MethodRunner.runInSequence(MethodRunner.java:46)
	at org.testng.internal.TestInvoker$MethodInvocationAgent.invoke(TestInvoker.java:816)
	at org.testng.internal.TestInvoker.invokeTestMethods(TestInvoker.java:146)
	at org.testng.internal.TestMethodWorker.invokeTestMethods(TestMethodWorker.java:146)
	at org.testng.internal.TestMethodWorker.run(TestMethodWorker.java:128)
	at java.util.ArrayList.forEach(ArrayList.java:1259)
	at org.testng.TestRunner.privateRun(TestRunner.java:766)
	at org.testng.TestRunner.run(TestRunner.java:587)
	at org.testng.SuiteRunner.runTest(SuiteRunner.java:384)
	at org.testng.SuiteRunner.runSequentially(SuiteRunner.java:378)
	at org.testng.SuiteRunner.privateRun(SuiteRunner.java:337)
	at org.testng.SuiteRunner.run(SuiteRunner.java:286)
	at org.testng.SuiteRunnerWorker.runSuite(SuiteRunnerWorker.java:53)
	at org.testng.SuiteRunnerWorker.run(SuiteRunnerWorker.java:96)
	at org.testng.TestNG.runSuitesSequentially(TestNG.java:1187)
	at org.testng.TestNG.runSuitesLocally(TestNG.java:1109)
	at org.testng.TestNG.runSuites(TestNG.java:1039)
	at org.testng.TestNG.run(TestNG.java:1007)
	at org.gradle.api.internal.tasks.testing.testng.TestNGTestClassProcessor.runTests(TestNGTestClassProcessor.java:141)
	at org.gradle.api.internal.tasks.testing.testng.TestNGTestClassProcessor.stop(TestNGTestClassProcessor.java:90)
	at org.gradle.api.internal.tasks.testing.SuiteTestClassProcessor.stop(SuiteTestClassProcessor.java:61)
	at sun.reflect.NativeMethodAccessorImpl.invoke0(Native Method)
	at sun.reflect.NativeMethodAccessorImpl.invoke(NativeMethodAccessorImpl.java:62)
	at sun.reflect.DelegatingMethodAccessorImpl.invoke(DelegatingMethodAccessorImpl.java:43)
	at java.lang.reflect.Method.invoke(Method.java:498)
	at org.gradle.internal.dispatch.ReflectionDispatch.dispatch(ReflectionDispatch.java:36)
	at org.gradle.internal.dispatch.ReflectionDispatch.dispatch(ReflectionDispatch.java:24)
	at org.gradle.internal.dispatch.ContextClassLoaderDispatch.dispatch(ContextClassLoaderDispatch.java:33)
	at org.gradle.internal.dispatch.ProxyDispatchAdapter$DispatchingInvocationHandler.invoke(ProxyDispatchAdapter.java:94)
	at com.sun.proxy.$Proxy2.stop(Unknown Source)
	at org.gradle.api.internal.tasks.testing.worker.TestWorker.stop(TestWorker.java:132)
	at sun.reflect.NativeMethodAccessorImpl.invoke0(Native Method)
	at sun.reflect.NativeMethodAccessorImpl.invoke(NativeMethodAccessorImpl.java:62)
	at sun.reflect.DelegatingMethodAccessorImpl.invoke(DelegatingMethodAccessorImpl.java:43)
	at java.lang.reflect.Method.invoke(Method.java:498)
	at org.gradle.internal.dispatch.ReflectionDispatch.dispatch(ReflectionDispatch.java:36)
	at org.gradle.internal.dispatch.ReflectionDispatch.dispatch(ReflectionDispatch.java:24)
	at org.gradle.internal.remote.internal.hub.MessageHubBackedObjectConnection$DispatchWrapper.dispatch(MessageHubBackedObjectConnection.java:182)
	at org.gradle.internal.remote.internal.hub.MessageHubBackedObjectConnection$DispatchWrapper.dispatch(MessageHubBackedObjectConnection.java:164)
	at org.gradle.internal.remote.internal.hub.MessageHub$Handler.run(MessageHub.java:412)
	at org.gradle.internal.concurrent.ExecutorPolicy$CatchAndRecordFailures.onExecute(ExecutorPolicy.java:64)
	at org.gradle.internal.concurrent.ManagedExecutorImpl$1.run(ManagedExecutorImpl.java:48)
	at java.util.concurrent.ThreadPoolExecutor.runWorker(ThreadPoolExecutor.java:1149)
	at java.util.concurrent.ThreadPoolExecutor$Worker.run(ThreadPoolExecutor.java:624)
	at org.gradle.internal.concurrent.ThreadFactoryImpl$ManagedThreadRunnable.run(ThreadFactoryImpl.java:56)
	at java.lang.Thread.run(Thread.java:748)
</failure>
  </testcase>
  <testcase name="testSignUpFromDataProvider[2](tt, yy, yy+2@gmail.com, Aa1234567)" classname="com.ilcarro.qa.tests.CreateAccountTests" time="12.844">
    <failure message="java.lang.AssertionError: expected [true] but found [false]" type="java.lang.AssertionError">java.lang.AssertionError: expected [true] but found [false]
	at org.testng.Assert.fail(Assert.java:97)
	at org.testng.Assert.failNotEquals(Assert.java:969)
	at org.testng.Assert.assertTrue(Assert.java:43)
	at org.testng.Assert.assertTrue(Assert.java:53)
	at com.ilcarro.qa.tests.CreateAccountTests.testSignUpFromDataProvider(CreateAccountTests.java:62)
	at sun.reflect.NativeMethodAccessorImpl.invoke0(Native Method)
	at sun.reflect.NativeMethodAccessorImpl.invoke(NativeMethodAccessorImpl.java:62)
	at sun.reflect.DelegatingMethodAccessorImpl.invoke(DelegatingMethodAccessorImpl.java:43)
	at java.lang.reflect.Method.invoke(Method.java:498)
	at org.testng.internal.MethodInvocationHelper.invokeMethod(MethodInvocationHelper.java:134)
	at org.testng.internal.TestInvoker.invokeMethod(TestInvoker.java:597)
	at org.testng.internal.TestInvoker.invokeTestMethod(TestInvoker.java:173)
	at org.testng.internal.MethodRunner.runInSequence(MethodRunner.java:46)
	at org.testng.internal.TestInvoker$MethodInvocationAgent.invoke(TestInvoker.java:816)
	at org.testng.internal.TestInvoker.invokeTestMethods(TestInvoker.java:146)
	at org.testng.internal.TestMethodWorker.invokeTestMethods(TestMethodWorker.java:146)
	at org.testng.internal.TestMethodWorker.run(TestMethodWorker.java:128)
	at java.util.ArrayList.forEach(ArrayList.java:1259)
	at org.testng.TestRunner.privateRun(TestRunner.java:766)
	at org.testng.TestRunner.run(TestRunner.java:587)
	at org.testng.SuiteRunner.runTest(SuiteRunner.java:384)
	at org.testng.SuiteRunner.runSequentially(SuiteRunner.java:378)
	at org.testng.SuiteRunner.privateRun(SuiteRunner.java:337)
	at org.testng.SuiteRunner.run(SuiteRunner.java:286)
	at org.testng.SuiteRunnerWorker.runSuite(SuiteRunnerWorker.java:53)
	at org.testng.SuiteRunnerWorker.run(SuiteRunnerWorker.java:96)
	at org.testng.TestNG.runSuitesSequentially(TestNG.java:1187)
	at org.testng.TestNG.runSuitesLocally(TestNG.java:1109)
	at org.testng.TestNG.runSuites(TestNG.java:1039)
	at org.testng.TestNG.run(TestNG.java:1007)
	at org.gradle.api.internal.tasks.testing.testng.TestNGTestClassProcessor.runTests(TestNGTestClassProcessor.java:141)
	at org.gradle.api.internal.tasks.testing.testng.TestNGTestClassProcessor.stop(TestNGTestClassProcessor.java:90)
	at org.gradle.api.internal.tasks.testing.SuiteTestClassProcessor.stop(SuiteTestClassProcessor.java:61)
	at sun.reflect.NativeMethodAccessorImpl.invoke0(Native Method)
	at sun.reflect.NativeMethodAccessorImpl.invoke(NativeMethodAccessorImpl.java:62)
	at sun.reflect.DelegatingMethodAccessorImpl.invoke(DelegatingMethodAccessorImpl.java:43)
	at java.lang.reflect.Method.invoke(Method.java:498)
	at org.gradle.internal.dispatch.ReflectionDispatch.dispatch(ReflectionDispatch.java:36)
	at org.gradle.internal.dispatch.ReflectionDispatch.dispatch(ReflectionDispatch.java:24)
	at org.gradle.internal.dispatch.ContextClassLoaderDispatch.dispatch(ContextClassLoaderDispatch.java:33)
	at org.gradle.internal.dispatch.ProxyDispatchAdapter$DispatchingInvocationHandler.invoke(ProxyDispatchAdapter.java:94)
	at com.sun.proxy.$Proxy2.stop(Unknown Source)
	at org.gradle.api.internal.tasks.testing.worker.TestWorker.stop(TestWorker.java:132)
	at sun.reflect.NativeMethodAccessorImpl.invoke0(Native Method)
	at sun.reflect.NativeMethodAccessorImpl.invoke(NativeMethodAccessorImpl.java:62)
	at sun.reflect.DelegatingMethodAccessorImpl.invoke(DelegatingMethodAccessorImpl.java:43)
	at java.lang.reflect.Method.invoke(Method.java:498)
	at org.gradle.internal.dispatch.ReflectionDispatch.dispatch(ReflectionDispatch.java:36)
	at org.gradle.internal.dispatch.ReflectionDispatch.dispatch(ReflectionDispatch.java:24)
	at org.gradle.internal.remote.internal.hub.MessageHubBackedObjectConnection$DispatchWrapper.dispatch(MessageHubBackedObjectConnection.java:182)
	at org.gradle.internal.remote.internal.hub.MessageHubBackedObjectConnection$DispatchWrapper.dispatch(MessageHubBackedObjectConnection.java:164)
	at org.gradle.internal.remote.internal.hub.MessageHub$Handler.run(MessageHub.java:412)
	at org.gradle.internal.concurrent.ExecutorPolicy$CatchAndRecordFailures.onExecute(ExecutorPolicy.java:64)
	at org.gradle.internal.concurrent.ManagedExecutorImpl$1.run(ManagedExecutorImpl.java:48)
	at java.util.concurrent.ThreadPoolExecutor.runWorker(ThreadPoolExecutor.java:1149)
	at java.util.concurrent.ThreadPoolExecutor$Worker.run(ThreadPoolExecutor.java:624)
	at org.gradle.internal.concurrent.ThreadFactoryImpl$ManagedThreadRunnable.run(ThreadFactoryImpl.java:56)
	at java.lang.Thread.run(Thread.java:748)
</failure>
  </testcase>
  <system-out><![CDATA[13:01:31.691 [Test worker] INFO  com.ilcarro.qa.tests.TestBase - Start test testSignUp with data: []
13:01:31.696 [Test worker] INFO  c.i.q.f.ApplicationManager$MyListener - Start search By.cssSelector: [href='/signup']...
13:01:31.721 [Test worker] INFO  c.i.q.f.ApplicationManager$MyListener - By.cssSelector: [href='/signup'] found.
13:01:31.726 [Test worker] INFO  c.i.q.f.ApplicationManager$MyListener - Start search By.cssSelector: [href='/signup']...
13:01:31.754 [Test worker] INFO  c.i.q.f.ApplicationManager$MyListener - By.cssSelector: [href='/signup'] found.
13:01:31.831 [Test worker] INFO  c.i.q.f.ApplicationManager$MyListener - Start search By.cssSelector: #first_name...
13:01:31.846 [Test worker] INFO  c.i.q.f.ApplicationManager$MyListener - By.cssSelector: #first_name found.
13:01:31.892 [Test worker] INFO  c.i.q.f.ApplicationManager$MyListener - Start search By.cssSelector: #first_name...
13:01:31.905 [Test worker] INFO  c.i.q.f.ApplicationManager$MyListener - By.cssSelector: #first_name found.
13:01:31.930 [Test worker] INFO  c.i.q.f.ApplicationManager$MyListener - Start search By.cssSelector: #first_name...
13:01:31.950 [Test worker] INFO  c.i.q.f.ApplicationManager$MyListener - By.cssSelector: #first_name found.
13:01:31.987 [Test worker] INFO  c.i.q.f.ApplicationManager$MyListener - Start search By.cssSelector: #second_name...
13:01:32.001 [Test worker] INFO  c.i.q.f.ApplicationManager$MyListener - By.cssSelector: #second_name found.
13:01:32.042 [Test worker] INFO  c.i.q.f.ApplicationManager$MyListener - Start search By.cssSelector: #second_name...
13:01:32.058 [Test worker] INFO  c.i.q.f.ApplicationManager$MyListener - By.cssSelector: #second_name found.
13:01:32.088 [Test worker] INFO  c.i.q.f.ApplicationManager$MyListener - Start search By.cssSelector: #second_name...
13:01:32.106 [Test worker] INFO  c.i.q.f.ApplicationManager$MyListener - By.cssSelector: #second_name found.
13:01:32.140 [Test worker] INFO  c.i.q.f.ApplicationManager$MyListener - Start search By.cssSelector: #email...
13:01:32.156 [Test worker] INFO  c.i.q.f.ApplicationManager$MyListener - By.cssSelector: #email found.
13:01:32.201 [Test worker] INFO  c.i.q.f.ApplicationManager$MyListener - Start search By.cssSelector: #email...
13:01:32.216 [Test worker] INFO  c.i.q.f.ApplicationManager$MyListener - By.cssSelector: #email found.
13:01:32.246 [Test worker] INFO  c.i.q.f.ApplicationManager$MyListener - Start search By.cssSelector: #email...
13:01:32.263 [Test worker] INFO  c.i.q.f.ApplicationManager$MyListener - By.cssSelector: #email found.
13:01:32.324 [Test worker] INFO  c.i.q.f.ApplicationManager$MyListener - Start search By.cssSelector: #password...
13:01:32.344 [Test worker] INFO  c.i.q.f.ApplicationManager$MyListener - By.cssSelector: #password found.
13:01:32.392 [Test worker] INFO  c.i.q.f.ApplicationManager$MyListener - Start search By.cssSelector: #password...
13:01:32.406 [Test worker] INFO  c.i.q.f.ApplicationManager$MyListener - By.cssSelector: #password found.
13:01:32.434 [Test worker] INFO  c.i.q.f.ApplicationManager$MyListener - Start search By.cssSelector: #password...
13:01:32.453 [Test worker] INFO  c.i.q.f.ApplicationManager$MyListener - By.cssSelector: #password found.
13:01:32.496 [Test worker] INFO  c.i.q.f.ApplicationManager$MyListener - Start search By.cssSelector: #check_policy...
13:01:32.512 [Test worker] INFO  c.i.q.f.ApplicationManager$MyListener - By.cssSelector: #check_policy found.
13:01:34.561 [Test worker] INFO  c.i.q.f.ApplicationManager$MyListener - Start search By.cssSelector: [type='submit']...
13:01:34.586 [Test worker] INFO  c.i.q.f.ApplicationManager$MyListener - By.cssSelector: [type='submit'] found.
13:01:34.655 [Test worker] INFO  c.i.q.f.ApplicationManager$MyListener - Start search By.cssSelector: .Login_login__right_block__1niYm...
13:01:39.709 [Test worker] INFO  c.i.q.f.ApplicationManager$MyListener - By.cssSelector: .Login_login__right_block__1niYm found.
13:01:39.744 [Test worker] ERROR com.ilcarro.qa.tests.TestBase - Failed: Test method testSignUp
13:01:40.659 [Test worker] INFO  com.ilcarro.qa.tests.TestBase - Screenshot: C:\Users\Daniel\Documents\GitHub\Lena_25_ilCarro\screenshot-1604574100636.png
13:01:40.659 [Test worker] INFO  com.ilcarro.qa.tests.TestBase - Stop test 
13:01:40.659 [Test worker] INFO  com.ilcarro.qa.tests.TestBase - ===============================================================================================
13:01:40.665 [Test worker] INFO  com.ilcarro.qa.tests.TestBase - Start test testSignUpFromCSVDataProvider with data: [User{fName='tt', lName='tt', email='tt+7@gmail.com', password='Aa1234567'}]
13:01:40.666 [Test worker] INFO  c.i.q.f.ApplicationManager$MyListener - Start search By.cssSelector: [href='/signup']...
13:01:40.684 [Test worker] INFO  c.i.q.f.ApplicationManager$MyListener - By.cssSelector: [href='/signup'] found.
13:01:40.684 [Test worker] INFO  c.i.q.f.ApplicationManager$MyListener - Start search By.cssSelector: [href='/signup']...
13:01:40.698 [Test worker] INFO  c.i.q.f.ApplicationManager$MyListener - By.cssSelector: [href='/signup'] found.
13:01:40.739 [Test worker] INFO  c.i.q.f.ApplicationManager$MyListener - Start search By.cssSelector: #first_name...
13:01:40.759 [Test worker] INFO  c.i.q.f.ApplicationManager$MyListener - By.cssSelector: #first_name found.
13:01:40.792 [Test worker] INFO  c.i.q.f.ApplicationManager$MyListener - Start search By.cssSelector: #first_name...
13:01:40.807 [Test worker] INFO  c.i.q.f.ApplicationManager$MyListener - By.cssSelector: #first_name found.
13:01:40.833 [Test worker] INFO  c.i.q.f.ApplicationManager$MyListener - Start search By.cssSelector: #first_name...
13:01:40.853 [Test worker] INFO  c.i.q.f.ApplicationManager$MyListener - By.cssSelector: #first_name found.
13:01:40.898 [Test worker] INFO  c.i.q.f.ApplicationManager$MyListener - Start search By.cssSelector: #second_name...
13:01:40.915 [Test worker] INFO  c.i.q.f.ApplicationManager$MyListener - By.cssSelector: #second_name found.
13:01:40.950 [Test worker] INFO  c.i.q.f.ApplicationManager$MyListener - Start search By.cssSelector: #second_name...
13:01:40.973 [Test worker] INFO  c.i.q.f.ApplicationManager$MyListener - By.cssSelector: #second_name found.
13:01:41.005 [Test worker] INFO  c.i.q.f.ApplicationManager$MyListener - Start search By.cssSelector: #second_name...
13:01:41.020 [Test worker] INFO  c.i.q.f.ApplicationManager$MyListener - By.cssSelector: #second_name found.
13:01:41.067 [Test worker] INFO  c.i.q.f.ApplicationManager$MyListener - Start search By.cssSelector: #email...
13:01:41.086 [Test worker] INFO  c.i.q.f.ApplicationManager$MyListener - By.cssSelector: #email found.
13:01:41.127 [Test worker] INFO  c.i.q.f.ApplicationManager$MyListener - Start search By.cssSelector: #email...
13:01:41.142 [Test worker] INFO  c.i.q.f.ApplicationManager$MyListener - By.cssSelector: #email found.
13:01:41.174 [Test worker] INFO  c.i.q.f.ApplicationManager$MyListener - Start search By.cssSelector: #email...
13:01:41.189 [Test worker] INFO  c.i.q.f.ApplicationManager$MyListener - By.cssSelector: #email found.
13:01:41.256 [Test worker] INFO  c.i.q.f.ApplicationManager$MyListener - Start search By.cssSelector: #password...
13:01:41.264 [Test worker] INFO  c.i.q.f.ApplicationManager$MyListener - By.cssSelector: #password found.
13:01:41.300 [Test worker] INFO  c.i.q.f.ApplicationManager$MyListener - Start search By.cssSelector: #password...
13:01:41.311 [Test worker] INFO  c.i.q.f.ApplicationManager$MyListener - By.cssSelector: #password found.
13:01:41.338 [Test worker] INFO  c.i.q.f.ApplicationManager$MyListener - Start search By.cssSelector: #password...
13:01:41.367 [Test worker] INFO  c.i.q.f.ApplicationManager$MyListener - By.cssSelector: #password found.
13:01:41.429 [Test worker] INFO  c.i.q.f.ApplicationManager$MyListener - Start search By.cssSelector: #check_policy...
13:01:41.457 [Test worker] INFO  c.i.q.f.ApplicationManager$MyListener - By.cssSelector: #check_policy found.
13:01:43.496 [Test worker] INFO  c.i.q.f.ApplicationManager$MyListener - Start search By.cssSelector: [type='submit']...
13:01:43.525 [Test worker] INFO  c.i.q.f.ApplicationManager$MyListener - By.cssSelector: [type='submit'] found.
13:01:43.573 [Test worker] INFO  c.i.q.f.ApplicationManager$MyListener - Start search By.cssSelector: .Login_login__right_block__1niYm...
13:01:48.598 [Test worker] INFO  c.i.q.f.ApplicationManager$MyListener - By.cssSelector: .Login_login__right_block__1niYm found.
13:01:48.598 [Test worker] INFO  com.ilcarro.qa.tests.TestBase - Login form present. Actual result: false, expected result is: true
13:01:48.598 [Test worker] INFO  c.i.q.f.ApplicationManager$MyListener - Start search By.cssSelector: .Login_login__right_block__1niYm...
13:01:53.655 [Test worker] INFO  c.i.q.f.ApplicationManager$MyListener - By.cssSelector: .Login_login__right_block__1niYm found.
13:01:53.657 [Test worker] ERROR com.ilcarro.qa.tests.TestBase - Failed: Test method testSignUpFromCSVDataProvider
13:01:54.384 [Test worker] INFO  com.ilcarro.qa.tests.TestBase - Screenshot: C:\Users\Daniel\Documents\GitHub\Lena_25_ilCarro\screenshot-1604574114382.png
13:01:54.385 [Test worker] INFO  com.ilcarro.qa.tests.TestBase - Stop test 
13:01:54.385 [Test worker] INFO  com.ilcarro.qa.tests.TestBase - ===============================================================================================
13:01:54.385 [Test worker] INFO  com.ilcarro.qa.tests.TestBase - Start test testSignUpFromCSVDataProvider with data: [User{fName='rr', lName='tt', email='tt+8@gmail.com', password='Aa1234567'}]
13:01:54.386 [Test worker] INFO  c.i.q.f.ApplicationManager$MyListener - Start search By.cssSelector: [href='/signup']...
13:01:54.410 [Test worker] INFO  c.i.q.f.ApplicationManager$MyListener - By.cssSelector: [href='/signup'] found.
13:01:54.415 [Test worker] INFO  c.i.q.f.ApplicationManager$MyListener - Start search By.cssSelector: [href='/signup']...
13:01:54.435 [Test worker] INFO  c.i.q.f.ApplicationManager$MyListener - By.cssSelector: [href='/signup'] found.
13:01:54.474 [Test worker] INFO  c.i.q.f.ApplicationManager$MyListener - Start search By.cssSelector: #first_name...
13:01:54.505 [Test worker] INFO  c.i.q.f.ApplicationManager$MyListener - By.cssSelector: #first_name found.
13:01:54.566 [Test worker] INFO  c.i.q.f.ApplicationManager$MyListener - Start search By.cssSelector: #first_name...
13:01:54.582 [Test worker] INFO  c.i.q.f.ApplicationManager$MyListener - By.cssSelector: #first_name found.
13:01:54.602 [Test worker] INFO  c.i.q.f.ApplicationManager$MyListener - Start search By.cssSelector: #first_name...
13:01:54.624 [Test worker] INFO  c.i.q.f.ApplicationManager$MyListener - By.cssSelector: #first_name found.
13:01:54.663 [Test worker] INFO  c.i.q.f.ApplicationManager$MyListener - Start search By.cssSelector: #second_name...
13:01:54.684 [Test worker] INFO  c.i.q.f.ApplicationManager$MyListener - By.cssSelector: #second_name found.
13:01:54.715 [Test worker] INFO  c.i.q.f.ApplicationManager$MyListener - Start search By.cssSelector: #second_name...
13:01:54.742 [Test worker] INFO  c.i.q.f.ApplicationManager$MyListener - By.cssSelector: #second_name found.
13:01:54.783 [Test worker] INFO  c.i.q.f.ApplicationManager$MyListener - Start search By.cssSelector: #second_name...
13:01:54.796 [Test worker] INFO  c.i.q.f.ApplicationManager$MyListener - By.cssSelector: #second_name found.
13:01:54.835 [Test worker] INFO  c.i.q.f.ApplicationManager$MyListener - Start search By.cssSelector: #email...
13:01:54.857 [Test worker] INFO  c.i.q.f.ApplicationManager$MyListener - By.cssSelector: #email found.
13:01:54.890 [Test worker] INFO  c.i.q.f.ApplicationManager$MyListener - Start search By.cssSelector: #email...
13:01:54.903 [Test worker] INFO  c.i.q.f.ApplicationManager$MyListener - By.cssSelector: #email found.
13:01:54.929 [Test worker] INFO  c.i.q.f.ApplicationManager$MyListener - Start search By.cssSelector: #email...
13:01:54.949 [Test worker] INFO  c.i.q.f.ApplicationManager$MyListener - By.cssSelector: #email found.
13:01:55.005 [Test worker] INFO  c.i.q.f.ApplicationManager$MyListener - Start search By.cssSelector: #password...
13:01:55.028 [Test worker] INFO  c.i.q.f.ApplicationManager$MyListener - By.cssSelector: #password found.
13:01:55.059 [Test worker] INFO  c.i.q.f.ApplicationManager$MyListener - Start search By.cssSelector: #password...
13:01:55.075 [Test worker] INFO  c.i.q.f.ApplicationManager$MyListener - By.cssSelector: #password found.
13:01:55.102 [Test worker] INFO  c.i.q.f.ApplicationManager$MyListener - Start search By.cssSelector: #password...
13:01:55.123 [Test worker] INFO  c.i.q.f.ApplicationManager$MyListener - By.cssSelector: #password found.
13:01:55.190 [Test worker] INFO  c.i.q.f.ApplicationManager$MyListener - Start search By.cssSelector: #check_policy...
13:01:55.202 [Test worker] INFO  c.i.q.f.ApplicationManager$MyListener - By.cssSelector: #check_policy found.
13:01:57.247 [Test worker] INFO  c.i.q.f.ApplicationManager$MyListener - Start search By.cssSelector: [type='submit']...
13:01:57.281 [Test worker] INFO  c.i.q.f.ApplicationManager$MyListener - By.cssSelector: [type='submit'] found.
13:01:57.349 [Test worker] INFO  c.i.q.f.ApplicationManager$MyListener - Start search By.cssSelector: .Login_login__right_block__1niYm...
13:02:02.419 [Test worker] INFO  c.i.q.f.ApplicationManager$MyListener - By.cssSelector: .Login_login__right_block__1niYm found.
13:02:02.419 [Test worker] INFO  com.ilcarro.qa.tests.TestBase - Login form present. Actual result: false, expected result is: true
13:02:02.420 [Test worker] INFO  c.i.q.f.ApplicationManager$MyListener - Start search By.cssSelector: .Login_login__right_block__1niYm...
13:02:07.471 [Test worker] INFO  c.i.q.f.ApplicationManager$MyListener - By.cssSelector: .Login_login__right_block__1niYm found.
13:02:07.476 [Test worker] ERROR com.ilcarro.qa.tests.TestBase - Failed: Test method testSignUpFromCSVDataProvider
13:02:08.236 [Test worker] INFO  com.ilcarro.qa.tests.TestBase - Screenshot: C:\Users\Daniel\Documents\GitHub\Lena_25_ilCarro\screenshot-1604574128236.png
13:02:08.236 [Test worker] INFO  com.ilcarro.qa.tests.TestBase - Stop test 
13:02:08.236 [Test worker] INFO  com.ilcarro.qa.tests.TestBase - ===============================================================================================
13:02:08.236 [Test worker] INFO  com.ilcarro.qa.tests.TestBase - Start test testSignUpFromCSVDataProvider with data: [User{fName='yy', lName='tt', email='tt+9@gmail.com', password='Aa1234567'}]
13:02:08.236 [Test worker] INFO  c.i.q.f.ApplicationManager$MyListener - Start search By.cssSelector: [href='/signup']...
13:02:08.255 [Test worker] INFO  c.i.q.f.ApplicationManager$MyListener - By.cssSelector: [href='/signup'] found.
13:02:08.255 [Test worker] INFO  c.i.q.f.ApplicationManager$MyListener - Start search By.cssSelector: [href='/signup']...
13:02:08.265 [Test worker] INFO  c.i.q.f.ApplicationManager$MyListener - By.cssSelector: [href='/signup'] found.
13:02:08.313 [Test worker] INFO  c.i.q.f.ApplicationManager$MyListener - Start search By.cssSelector: #first_name...
13:02:08.329 [Test worker] INFO  c.i.q.f.ApplicationManager$MyListener - By.cssSelector: #first_name found.
13:02:08.369 [Test worker] INFO  c.i.q.f.ApplicationManager$MyListener - Start search By.cssSelector: #first_name...
13:02:08.388 [Test worker] INFO  c.i.q.f.ApplicationManager$MyListener - By.cssSelector: #first_name found.
13:02:08.419 [Test worker] INFO  c.i.q.f.ApplicationManager$MyListener - Start search By.cssSelector: #first_name...
13:02:08.436 [Test worker] INFO  c.i.q.f.ApplicationManager$MyListener - By.cssSelector: #first_name found.
13:02:08.492 [Test worker] INFO  c.i.q.f.ApplicationManager$MyListener - Start search By.cssSelector: #second_name...
13:02:08.516 [Test worker] INFO  c.i.q.f.ApplicationManager$MyListener - By.cssSelector: #second_name found.
13:02:08.557 [Test worker] INFO  c.i.q.f.ApplicationManager$MyListener - Start search By.cssSelector: #second_name...
13:02:08.575 [Test worker] INFO  c.i.q.f.ApplicationManager$MyListener - By.cssSelector: #second_name found.
13:02:08.605 [Test worker] INFO  c.i.q.f.ApplicationManager$MyListener - Start search By.cssSelector: #second_name...
13:02:08.622 [Test worker] INFO  c.i.q.f.ApplicationManager$MyListener - By.cssSelector: #second_name found.
13:02:08.671 [Test worker] INFO  c.i.q.f.ApplicationManager$MyListener - Start search By.cssSelector: #email...
13:02:08.689 [Test worker] INFO  c.i.q.f.ApplicationManager$MyListener - By.cssSelector: #email found.
13:02:08.730 [Test worker] INFO  c.i.q.f.ApplicationManager$MyListener - Start search By.cssSelector: #email...
13:02:08.749 [Test worker] INFO  c.i.q.f.ApplicationManager$MyListener - By.cssSelector: #email found.
13:02:08.780 [Test worker] INFO  c.i.q.f.ApplicationManager$MyListener - Start search By.cssSelector: #email...
13:02:08.805 [Test worker] INFO  c.i.q.f.ApplicationManager$MyListener - By.cssSelector: #email found.
13:02:08.876 [Test worker] INFO  c.i.q.f.ApplicationManager$MyListener - Start search By.cssSelector: #password...
13:02:08.903 [Test worker] INFO  c.i.q.f.ApplicationManager$MyListener - By.cssSelector: #password found.
13:02:08.948 [Test worker] INFO  c.i.q.f.ApplicationManager$MyListener - Start search By.cssSelector: #password...
13:02:08.967 [Test worker] INFO  c.i.q.f.ApplicationManager$MyListener - By.cssSelector: #password found.
13:02:08.999 [Test worker] INFO  c.i.q.f.ApplicationManager$MyListener - Start search By.cssSelector: #password...
13:02:09.014 [Test worker] INFO  c.i.q.f.ApplicationManager$MyListener - By.cssSelector: #password found.
13:02:09.067 [Test worker] INFO  c.i.q.f.ApplicationManager$MyListener - Start search By.cssSelector: #check_policy...
13:02:09.079 [Test worker] INFO  c.i.q.f.ApplicationManager$MyListener - By.cssSelector: #check_policy found.
13:02:11.129 [Test worker] INFO  c.i.q.f.ApplicationManager$MyListener - Start search By.cssSelector: [type='submit']...
13:02:11.155 [Test worker] INFO  c.i.q.f.ApplicationManager$MyListener - By.cssSelector: [type='submit'] found.
13:02:11.191 [Test worker] INFO  c.i.q.f.ApplicationManager$MyListener - Start search By.cssSelector: .Login_login__right_block__1niYm...
13:02:16.271 [Test worker] INFO  c.i.q.f.ApplicationManager$MyListener - By.cssSelector: .Login_login__right_block__1niYm found.
13:02:16.271 [Test worker] INFO  com.ilcarro.qa.tests.TestBase - Login form present. Actual result: false, expected result is: true
13:02:16.271 [Test worker] INFO  c.i.q.f.ApplicationManager$MyListener - Start search By.cssSelector: .Login_login__right_block__1niYm...
13:02:21.296 [Test worker] INFO  c.i.q.f.ApplicationManager$MyListener - By.cssSelector: .Login_login__right_block__1niYm found.
13:02:21.304 [Test worker] ERROR com.ilcarro.qa.tests.TestBase - Failed: Test method testSignUpFromCSVDataProvider
13:02:22.014 [Test worker] INFO  com.ilcarro.qa.tests.TestBase - Screenshot: C:\Users\Daniel\Documents\GitHub\Lena_25_ilCarro\screenshot-1604574142012.png
13:02:22.014 [Test worker] INFO  com.ilcarro.qa.tests.TestBase - Stop test 
13:02:22.014 [Test worker] INFO  com.ilcarro.qa.tests.TestBase - ===============================================================================================
13:02:22.015 [Test worker] INFO  com.ilcarro.qa.tests.TestBase - Start test testSignUpFromCSVDataProvider with data: [User{fName='uu', lName='tt', email='tt+10@gmail.com', password='Aa1234567'}]
13:02:22.016 [Test worker] INFO  c.i.q.f.ApplicationManager$MyListener - Start search By.cssSelector: [href='/signup']...
13:02:22.026 [Test worker] INFO  c.i.q.f.ApplicationManager$MyListener - By.cssSelector: [href='/signup'] found.
13:02:22.026 [Test worker] INFO  c.i.q.f.ApplicationManager$MyListener - Start search By.cssSelector: [href='/signup']...
13:02:22.042 [Test worker] INFO  c.i.q.f.ApplicationManager$MyListener - By.cssSelector: [href='/signup'] found.
13:02:22.074 [Test worker] INFO  c.i.q.f.ApplicationManager$MyListener - Start search By.cssSelector: #first_name...
13:02:22.087 [Test worker] INFO  c.i.q.f.ApplicationManager$MyListener - By.cssSelector: #first_name found.
13:02:22.118 [Test worker] INFO  c.i.q.f.ApplicationManager$MyListener - Start search By.cssSelector: #first_name...
13:02:22.140 [Test worker] INFO  c.i.q.f.ApplicationManager$MyListener - By.cssSelector: #first_name found.
13:02:22.179 [Test worker] INFO  c.i.q.f.ApplicationManager$MyListener - Start search By.cssSelector: #first_name...
13:02:22.194 [Test worker] INFO  c.i.q.f.ApplicationManager$MyListener - By.cssSelector: #first_name found.
13:02:22.230 [Test worker] INFO  c.i.q.f.ApplicationManager$MyListener - Start search By.cssSelector: #second_name...
13:02:22.239 [Test worker] INFO  c.i.q.f.ApplicationManager$MyListener - By.cssSelector: #second_name found.
13:02:22.272 [Test worker] INFO  c.i.q.f.ApplicationManager$MyListener - Start search By.cssSelector: #second_name...
13:02:22.287 [Test worker] INFO  c.i.q.f.ApplicationManager$MyListener - By.cssSelector: #second_name found.
13:02:22.312 [Test worker] INFO  c.i.q.f.ApplicationManager$MyListener - Start search By.cssSelector: #second_name...
13:02:22.333 [Test worker] INFO  c.i.q.f.ApplicationManager$MyListener - By.cssSelector: #second_name found.
13:02:22.372 [Test worker] INFO  c.i.q.f.ApplicationManager$MyListener - Start search By.cssSelector: #email...
13:02:22.408 [Test worker] INFO  c.i.q.f.ApplicationManager$MyListener - By.cssSelector: #email found.
13:02:22.447 [Test worker] INFO  c.i.q.f.ApplicationManager$MyListener - Start search By.cssSelector: #email...
13:02:22.458 [Test worker] INFO  c.i.q.f.ApplicationManager$MyListener - By.cssSelector: #email found.
13:02:22.482 [Test worker] INFO  c.i.q.f.ApplicationManager$MyListener - Start search By.cssSelector: #email...
13:02:22.505 [Test worker] INFO  c.i.q.f.ApplicationManager$MyListener - By.cssSelector: #email found.
13:02:22.564 [Test worker] INFO  c.i.q.f.ApplicationManager$MyListener - Start search By.cssSelector: #password...
13:02:22.586 [Test worker] INFO  c.i.q.f.ApplicationManager$MyListener - By.cssSelector: #password found.
13:02:22.614 [Test worker] INFO  c.i.q.f.ApplicationManager$MyListener - Start search By.cssSelector: #password...
13:02:22.646 [Test worker] INFO  c.i.q.f.ApplicationManager$MyListener - By.cssSelector: #password found.
13:02:22.678 [Test worker] INFO  c.i.q.f.ApplicationManager$MyListener - Start search By.cssSelector: #password...
13:02:22.696 [Test worker] INFO  c.i.q.f.ApplicationManager$MyListener - By.cssSelector: #password found.
13:02:22.743 [Test worker] INFO  c.i.q.f.ApplicationManager$MyListener - Start search By.cssSelector: #check_policy...
13:02:22.758 [Test worker] INFO  c.i.q.f.ApplicationManager$MyListener - By.cssSelector: #check_policy found.
13:02:24.792 [Test worker] INFO  c.i.q.f.ApplicationManager$MyListener - Start search By.cssSelector: [type='submit']...
13:02:24.829 [Test worker] INFO  c.i.q.f.ApplicationManager$MyListener - By.cssSelector: [type='submit'] found.
13:02:24.901 [Test worker] INFO  c.i.q.f.ApplicationManager$MyListener - Start search By.cssSelector: .Login_login__right_block__1niYm...
13:02:29.971 [Test worker] INFO  c.i.q.f.ApplicationManager$MyListener - By.cssSelector: .Login_login__right_block__1niYm found.
13:02:29.971 [Test worker] INFO  com.ilcarro.qa.tests.TestBase - Login form present. Actual result: false, expected result is: true
13:02:29.971 [Test worker] INFO  c.i.q.f.ApplicationManager$MyListener - Start search By.cssSelector: .Login_login__right_block__1niYm...
13:02:35.014 [Test worker] INFO  c.i.q.f.ApplicationManager$MyListener - By.cssSelector: .Login_login__right_block__1niYm found.
13:02:35.019 [Test worker] ERROR com.ilcarro.qa.tests.TestBase - Failed: Test method testSignUpFromCSVDataProvider
13:02:35.704 [Test worker] INFO  com.ilcarro.qa.tests.TestBase - Screenshot: C:\Users\Daniel\Documents\GitHub\Lena_25_ilCarro\screenshot-1604574155699.png
13:02:35.704 [Test worker] INFO  com.ilcarro.qa.tests.TestBase - Stop test 
13:02:35.704 [Test worker] INFO  com.ilcarro.qa.tests.TestBase - ===============================================================================================
13:02:35.704 [Test worker] INFO  com.ilcarro.qa.tests.TestBase - Start test testSignUpFromDataProvider with data: [qq, ww, ww+2@gmail.com, Aa1234567]
13:02:35.704 [Test worker] INFO  c.i.q.f.ApplicationManager$MyListener - Start search By.cssSelector: [href='/signup']...
13:02:35.714 [Test worker] INFO  c.i.q.f.ApplicationManager$MyListener - By.cssSelector: [href='/signup'] found.
13:02:35.714 [Test worker] INFO  c.i.q.f.ApplicationManager$MyListener - Start search By.cssSelector: [href='/signup']...
13:02:35.734 [Test worker] INFO  c.i.q.f.ApplicationManager$MyListener - By.cssSelector: [href='/signup'] found.
13:02:35.808 [Test worker] INFO  c.i.q.f.ApplicationManager$MyListener - Start search By.cssSelector: #first_name...
13:02:35.828 [Test worker] INFO  c.i.q.f.ApplicationManager$MyListener - By.cssSelector: #first_name found.
13:02:35.853 [Test worker] INFO  c.i.q.f.ApplicationManager$MyListener - Start search By.cssSelector: #first_name...
13:02:35.877 [Test worker] INFO  c.i.q.f.ApplicationManager$MyListener - By.cssSelector: #first_name found.
13:02:35.919 [Test worker] INFO  c.i.q.f.ApplicationManager$MyListener - Start search By.cssSelector: #first_name...
13:02:35.933 [Test worker] INFO  c.i.q.f.ApplicationManager$MyListener - By.cssSelector: #first_name found.
13:02:35.979 [Test worker] INFO  c.i.q.f.ApplicationManager$MyListener - Start search By.cssSelector: #second_name...
13:02:36.008 [Test worker] INFO  c.i.q.f.ApplicationManager$MyListener - By.cssSelector: #second_name found.
13:02:36.051 [Test worker] INFO  c.i.q.f.ApplicationManager$MyListener - Start search By.cssSelector: #second_name...
13:02:36.072 [Test worker] INFO  c.i.q.f.ApplicationManager$MyListener - By.cssSelector: #second_name found.
13:02:36.100 [Test worker] INFO  c.i.q.f.ApplicationManager$MyListener - Start search By.cssSelector: #second_name...
13:02:36.120 [Test worker] INFO  c.i.q.f.ApplicationManager$MyListener - By.cssSelector: #second_name found.
13:02:36.158 [Test worker] INFO  c.i.q.f.ApplicationManager$MyListener - Start search By.cssSelector: #email...
13:02:36.165 [Test worker] INFO  c.i.q.f.ApplicationManager$MyListener - By.cssSelector: #email found.
13:02:36.197 [Test worker] INFO  c.i.q.f.ApplicationManager$MyListener - Start search By.cssSelector: #email...
13:02:36.224 [Test worker] INFO  c.i.q.f.ApplicationManager$MyListener - By.cssSelector: #email found.
13:02:36.260 [Test worker] INFO  c.i.q.f.ApplicationManager$MyListener - Start search By.cssSelector: #email...
13:02:36.277 [Test worker] INFO  c.i.q.f.ApplicationManager$MyListener - By.cssSelector: #email found.
13:02:36.330 [Test worker] INFO  c.i.q.f.ApplicationManager$MyListener - Start search By.cssSelector: #password...
13:02:36.353 [Test worker] INFO  c.i.q.f.ApplicationManager$MyListener - By.cssSelector: #password found.
13:02:36.384 [Test worker] INFO  c.i.q.f.ApplicationManager$MyListener - Start search By.cssSelector: #password...
13:02:36.401 [Test worker] INFO  c.i.q.f.ApplicationManager$MyListener - By.cssSelector: #password found.
13:02:36.426 [Test worker] INFO  c.i.q.f.ApplicationManager$MyListener - Start search By.cssSelector: #password...
13:02:36.460 [Test worker] INFO  c.i.q.f.ApplicationManager$MyListener - By.cssSelector: #password found.
13:02:36.516 [Test worker] INFO  c.i.q.f.ApplicationManager$MyListener - Start search By.cssSelector: #check_policy...
13:02:36.529 [Test worker] INFO  c.i.q.f.ApplicationManager$MyListener - By.cssSelector: #check_policy found.
13:02:38.570 [Test worker] INFO  c.i.q.f.ApplicationManager$MyListener - Start search By.cssSelector: [type='submit']...
13:02:38.595 [Test worker] INFO  c.i.q.f.ApplicationManager$MyListener - By.cssSelector: [type='submit'] found.
13:02:38.620 [Test worker] INFO  c.i.q.f.ApplicationManager$MyListener - Start search By.cssSelector: .Login_login__right_block__1niYm...
13:02:43.668 [Test worker] INFO  c.i.q.f.ApplicationManager$MyListener - By.cssSelector: .Login_login__right_block__1niYm found.
13:02:43.668 [Test worker] INFO  com.ilcarro.qa.tests.TestBase - Login form present. Actual result: false, expected result is: true
13:02:43.668 [Test worker] INFO  c.i.q.f.ApplicationManager$MyListener - Start search By.cssSelector: .Login_login__right_block__1niYm...
13:02:48.704 [Test worker] INFO  c.i.q.f.ApplicationManager$MyListener - By.cssSelector: .Login_login__right_block__1niYm found.
13:02:48.706 [Test worker] ERROR com.ilcarro.qa.tests.TestBase - Failed: Test method testSignUpFromDataProvider
13:02:49.452 [Test worker] INFO  com.ilcarro.qa.tests.TestBase - Screenshot: C:\Users\Daniel\Documents\GitHub\Lena_25_ilCarro\screenshot-1604574169452.png
13:02:49.452 [Test worker] INFO  com.ilcarro.qa.tests.TestBase - Stop test 
13:02:49.452 [Test worker] INFO  com.ilcarro.qa.tests.TestBase - ===============================================================================================
13:02:49.452 [Test worker] INFO  com.ilcarro.qa.tests.TestBase - Start test testSignUpFromDataProvider with data: [ee, rr, rr+2@gmail.com, Aa1234567]
13:02:49.452 [Test worker] INFO  c.i.q.f.ApplicationManager$MyListener - Start search By.cssSelector: [href='/signup']...
13:02:49.470 [Test worker] INFO  c.i.q.f.ApplicationManager$MyListener - By.cssSelector: [href='/signup'] found.
13:02:49.475 [Test worker] INFO  c.i.q.f.ApplicationManager$MyListener - Start search By.cssSelector: [href='/signup']...
13:02:49.503 [Test worker] INFO  c.i.q.f.ApplicationManager$MyListener - By.cssSelector: [href='/signup'] found.
13:02:49.534 [Test worker] INFO  c.i.q.f.ApplicationManager$MyListener - Start search By.cssSelector: #first_name...
13:02:49.544 [Test worker] INFO  c.i.q.f.ApplicationManager$MyListener - By.cssSelector: #first_name found.
13:02:49.574 [Test worker] INFO  c.i.q.f.ApplicationManager$MyListener - Start search By.cssSelector: #first_name...
13:02:49.590 [Test worker] INFO  c.i.q.f.ApplicationManager$MyListener - By.cssSelector: #first_name found.
13:02:49.617 [Test worker] INFO  c.i.q.f.ApplicationManager$MyListener - Start search By.cssSelector: #first_name...
13:02:49.636 [Test worker] INFO  c.i.q.f.ApplicationManager$MyListener - By.cssSelector: #first_name found.
13:02:49.675 [Test worker] INFO  c.i.q.f.ApplicationManager$MyListener - Start search By.cssSelector: #second_name...
13:02:49.683 [Test worker] INFO  c.i.q.f.ApplicationManager$MyListener - By.cssSelector: #second_name found.
13:02:49.738 [Test worker] INFO  c.i.q.f.ApplicationManager$MyListener - Start search By.cssSelector: #second_name...
13:02:49.748 [Test worker] INFO  c.i.q.f.ApplicationManager$MyListener - By.cssSelector: #second_name found.
13:02:49.772 [Test worker] INFO  c.i.q.f.ApplicationManager$MyListener - Start search By.cssSelector: #second_name...
13:02:49.794 [Test worker] INFO  c.i.q.f.ApplicationManager$MyListener - By.cssSelector: #second_name found.
13:02:49.833 [Test worker] INFO  c.i.q.f.ApplicationManager$MyListener - Start search By.cssSelector: #email...
13:02:49.856 [Test worker] INFO  c.i.q.f.ApplicationManager$MyListener - By.cssSelector: #email found.
13:02:49.889 [Test worker] INFO  c.i.q.f.ApplicationManager$MyListener - Start search By.cssSelector: #email...
13:02:49.902 [Test worker] INFO  c.i.q.f.ApplicationManager$MyListener - By.cssSelector: #email found.
13:02:49.931 [Test worker] INFO  c.i.q.f.ApplicationManager$MyListener - Start search By.cssSelector: #email...
13:02:49.951 [Test worker] INFO  c.i.q.f.ApplicationManager$MyListener - By.cssSelector: #email found.
13:02:50.008 [Test worker] INFO  c.i.q.f.ApplicationManager$MyListener - Start search By.cssSelector: #password...
13:02:50.027 [Test worker] INFO  c.i.q.f.ApplicationManager$MyListener - By.cssSelector: #password found.
13:02:50.056 [Test worker] INFO  c.i.q.f.ApplicationManager$MyListener - Start search By.cssSelector: #password...
13:02:50.070 [Test worker] INFO  c.i.q.f.ApplicationManager$MyListener - By.cssSelector: #password found.
13:02:50.099 [Test worker] INFO  c.i.q.f.ApplicationManager$MyListener - Start search By.cssSelector: #password...
13:02:50.119 [Test worker] INFO  c.i.q.f.ApplicationManager$MyListener - By.cssSelector: #password found.
13:02:50.167 [Test worker] INFO  c.i.q.f.ApplicationManager$MyListener - Start search By.cssSelector: #check_policy...
13:02:50.189 [Test worker] INFO  c.i.q.f.ApplicationManager$MyListener - By.cssSelector: #check_policy found.
13:02:52.224 [Test worker] INFO  c.i.q.f.ApplicationManager$MyListener - Start search By.cssSelector: [type='submit']...
13:02:52.244 [Test worker] INFO  c.i.q.f.ApplicationManager$MyListener - By.cssSelector: [type='submit'] found.
13:02:52.286 [Test worker] INFO  c.i.q.f.ApplicationManager$MyListener - Start search By.cssSelector: .Login_login__right_block__1niYm...
13:02:57.359 [Test worker] INFO  c.i.q.f.ApplicationManager$MyListener - By.cssSelector: .Login_login__right_block__1niYm found.
13:02:57.359 [Test worker] INFO  com.ilcarro.qa.tests.TestBase - Login form present. Actual result: false, expected result is: true
13:02:57.359 [Test worker] INFO  c.i.q.f.ApplicationManager$MyListener - Start search By.cssSelector: .Login_login__right_block__1niYm...
13:03:02.387 [Test worker] INFO  c.i.q.f.ApplicationManager$MyListener - By.cssSelector: .Login_login__right_block__1niYm found.
13:03:02.387 [Test worker] ERROR com.ilcarro.qa.tests.TestBase - Failed: Test method testSignUpFromDataProvider
13:03:03.136 [Test worker] INFO  com.ilcarro.qa.tests.TestBase - Screenshot: C:\Users\Daniel\Documents\GitHub\Lena_25_ilCarro\screenshot-1604574183131.png
13:03:03.136 [Test worker] INFO  com.ilcarro.qa.tests.TestBase - Stop test 
13:03:03.136 [Test worker] INFO  com.ilcarro.qa.tests.TestBase - ===============================================================================================
13:03:03.136 [Test worker] INFO  com.ilcarro.qa.tests.TestBase - Start test testSignUpFromDataProvider with data: [tt, yy, yy+2@gmail.com, Aa1234567]
13:03:03.136 [Test worker] INFO  c.i.q.f.ApplicationManager$MyListener - Start search By.cssSelector: [href='/signup']...
13:03:03.152 [Test worker] INFO  c.i.q.f.ApplicationManager$MyListener - By.cssSelector: [href='/signup'] found.
13:03:03.152 [Test worker] INFO  c.i.q.f.ApplicationManager$MyListener - Start search By.cssSelector: [href='/signup']...
13:03:03.167 [Test worker] INFO  c.i.q.f.ApplicationManager$MyListener - By.cssSelector: [href='/signup'] found.
13:03:03.200 [Test worker] INFO  c.i.q.f.ApplicationManager$MyListener - Start search By.cssSelector: #first_name...
13:03:03.216 [Test worker] INFO  c.i.q.f.ApplicationManager$MyListener - By.cssSelector: #first_name found.
13:03:03.247 [Test worker] INFO  c.i.q.f.ApplicationManager$MyListener - Start search By.cssSelector: #first_name...
13:03:03.262 [Test worker] INFO  c.i.q.f.ApplicationManager$MyListener - By.cssSelector: #first_name found.
13:03:03.286 [Test worker] INFO  c.i.q.f.ApplicationManager$MyListener - Start search By.cssSelector: #first_name...
13:03:03.307 [Test worker] INFO  c.i.q.f.ApplicationManager$MyListener - By.cssSelector: #first_name found.
13:03:03.344 [Test worker] INFO  c.i.q.f.ApplicationManager$MyListener - Start search By.cssSelector: #second_name...
13:03:03.355 [Test worker] INFO  c.i.q.f.ApplicationManager$MyListener - By.cssSelector: #second_name found.
13:03:03.387 [Test worker] INFO  c.i.q.f.ApplicationManager$MyListener - Start search By.cssSelector: #second_name...
13:03:03.403 [Test worker] INFO  c.i.q.f.ApplicationManager$MyListener - By.cssSelector: #second_name found.
13:03:03.429 [Test worker] INFO  c.i.q.f.ApplicationManager$MyListener - Start search By.cssSelector: #second_name...
13:03:03.451 [Test worker] INFO  c.i.q.f.ApplicationManager$MyListener - By.cssSelector: #second_name found.
13:03:03.490 [Test worker] INFO  c.i.q.f.ApplicationManager$MyListener - Start search By.cssSelector: #email...
13:03:03.512 [Test worker] INFO  c.i.q.f.ApplicationManager$MyListener - By.cssSelector: #email found.
13:03:03.543 [Test worker] INFO  c.i.q.f.ApplicationManager$MyListener - Start search By.cssSelector: #email...
13:03:03.559 [Test worker] INFO  c.i.q.f.ApplicationManager$MyListener - By.cssSelector: #email found.
13:03:03.586 [Test worker] INFO  c.i.q.f.ApplicationManager$MyListener - Start search By.cssSelector: #email...
13:03:03.605 [Test worker] INFO  c.i.q.f.ApplicationManager$MyListener - By.cssSelector: #email found.
13:03:03.659 [Test worker] INFO  c.i.q.f.ApplicationManager$MyListener - Start search By.cssSelector: #password...
13:03:03.683 [Test worker] INFO  c.i.q.f.ApplicationManager$MyListener - By.cssSelector: #password found.
13:03:03.713 [Test worker] INFO  c.i.q.f.ApplicationManager$MyListener - Start search By.cssSelector: #password...
13:03:03.730 [Test worker] INFO  c.i.q.f.ApplicationManager$MyListener - By.cssSelector: #password found.
13:03:03.757 [Test worker] INFO  c.i.q.f.ApplicationManager$MyListener - Start search By.cssSelector: #password...
13:03:03.777 [Test worker] INFO  c.i.q.f.ApplicationManager$MyListener - By.cssSelector: #password found.
13:03:03.831 [Test worker] INFO  c.i.q.f.ApplicationManager$MyListener - Start search By.cssSelector: #check_policy...
13:03:03.841 [Test worker] INFO  c.i.q.f.ApplicationManager$MyListener - By.cssSelector: #check_policy found.
13:03:05.880 [Test worker] INFO  c.i.q.f.ApplicationManager$MyListener - Start search By.cssSelector: [type='submit']...
13:03:05.901 [Test worker] INFO  c.i.q.f.ApplicationManager$MyListener - By.cssSelector: [type='submit'] found.
13:03:05.928 [Test worker] INFO  c.i.q.f.ApplicationManager$MyListener - Start search By.cssSelector: .Login_login__right_block__1niYm...
13:03:10.980 [Test worker] INFO  c.i.q.f.ApplicationManager$MyListener - By.cssSelector: .Login_login__right_block__1niYm found.
13:03:10.980 [Test worker] INFO  com.ilcarro.qa.tests.TestBase - Login form present. Actual result: false, expected result is: true
13:03:10.985 [Test worker] INFO  c.i.q.f.ApplicationManager$MyListener - Start search By.cssSelector: .Login_login__right_block__1niYm...
13:03:15.996 [Test worker] INFO  c.i.q.f.ApplicationManager$MyListener - By.cssSelector: .Login_login__right_block__1niYm found.
13:03:15.996 [Test worker] ERROR com.ilcarro.qa.tests.TestBase - Failed: Test method testSignUpFromDataProvider
13:03:16.593 [Test worker] INFO  com.ilcarro.qa.tests.TestBase - Screenshot: C:\Users\Daniel\Documents\GitHub\Lena_25_ilCarro\screenshot-1604574196587.png
13:03:16.593 [Test worker] INFO  com.ilcarro.qa.tests.TestBase - Stop test 
13:03:16.593 [Test worker] INFO  com.ilcarro.qa.tests.TestBase - ===============================================================================================
]]></system-out>
  <system-err><![CDATA[]]></system-err>
</testsuite>
